<?xml version="1.0" encoding="UTF-8"?>
<!-- Generated by org.testng.reporters.JUnitReportReporter -->
<testsuite hostname="LAPTOP-LD9CHP5P" failures="0" tests="4" name="runners.TestRunner" time="78.028" errors="0" timestamp="2025-09-08T00:26:59 IST" skipped="0">
  <testcase classname="runners.TestRunner" name="runScenario" time="14.237"/>
  <testcase classname="runners.TestRunner" name="runScenario" time="14.417"/>
  <testcase classname="runners.TestRunner" name="runScenario" time="30.828"/>
  <testcase classname="runners.TestRunner" name="runScenario" time="18.546"/>
</testsuite> <!-- runners.TestRunner -->
